NewsReader/app/build/intermediates/manifest_merge_blame_file/release/manifest-merger-blame-release-report.txt
1<?xml version="1.0" encoding="utf-8"?>
2<manifest xmlns:android="http://schemas.android.com/apk/res/android"
3    package="com.martiandeveloper.newsreader"
4    android:versionCode="1"
5    android:versionName="1.0" >
6
7    <uses-sdk
8        android:minSdkVersion="14"
8-->src/main/AndroidManifest.xml
9        android:targetSdkVersion="29" />
9-->src/main/AndroidManifest.xml
10
11    <uses-permission android:name="android.permission.INTERNET" />
11-->src/main/AndroidManifest.xml:6:5-67
11-->src/main/AndroidManifest.xml:6:22-64
12    <uses-permission android:name="android.permission.ACCESS_WIFI_STATE" />
12-->src/main/AndroidManifest.xml:7:5-76
12-->src/main/AndroidManifest.xml:7:22-73
13    <uses-permission android:name="android.permission.ACCESS_NETWORK_STATE" />
13-->src/main/AndroidManifest.xml:8:5-79
13-->src/main/AndroidManifest.xml:8:22-76
14    <uses-permission android:name="android.permission.WAKE_LOCK" />
14-->[com.google.android.gms:play-services-measurement-sdk-api:17.1.0] AndroidManifest.xml:25:5-68
14-->[com.google.android.gms:play-services-measurement-sdk-api:17.1.0] AndroidManifest.xml:25:22-65
15
16    <application
16-->src/main/AndroidManifest.xml:10:5-53:19
17        android:name="com.martiandeveloper.newsreader.tools.App"
17-->src/main/AndroidManifest.xml:11:9-34
18        android:allowBackup="true"
18-->src/main/AndroidManifest.xml:12:9-35
19        android:appComponentFactory="androidx.core.app.CoreComponentFactory"
19-->[androidx.core:core:1.1.0] AndroidManifest.xml:24:18-86
20        android:fullBackupContent="true"
20-->src/main/AndroidManifest.xml:13:9-41
21        android:icon="@mipmap/ic_launcher"
21-->src/main/AndroidManifest.xml:14:9-43
22        android:label="@string/app_name"
22-->src/main/AndroidManifest.xml:15:9-41
23        android:roundIcon="@mipmap/ic_launcher_round"
23-->src/main/AndroidManifest.xml:16:9-54
24        android:supportsRtl="true"
24-->src/main/AndroidManifest.xml:17:9-35
25        android:testOnly="true"
26        android:theme="@style/AppTheme"
26-->src/main/AndroidManifest.xml:18:9-40
27        android:usesCleartextTraffic="true" >
27-->src/main/AndroidManifest.xml:19:9-44
28        <activity
28-->src/main/AndroidManifest.xml:21:9-26:35
29            android:name="com.martiandeveloper.newsreader.activity.DetailActivity"
29-->src/main/AndroidManifest.xml:22:13-52
30            android:label="@string/app_name"
30-->src/main/AndroidManifest.xml:23:13-45
31            android:resizeableActivity="true"
31-->src/main/AndroidManifest.xml:24:13-46
32            android:theme="@style/AppTheme" />
32-->src/main/AndroidManifest.xml:25:13-44
33        <activity
33-->src/main/AndroidManifest.xml:27:9-48:20
34            android:name="com.martiandeveloper.newsreader.activity.MainActivity"
34-->src/main/AndroidManifest.xml:28:13-50
35            android:label="@string/app_name"
35-->src/main/AndroidManifest.xml:29:13-45
36            android:resizeableActivity="true"
36-->src/main/AndroidManifest.xml:30:13-46
37            android:theme="@style/AppTheme" >
37-->src/main/AndroidManifest.xml:31:13-44
38
39            <!-- suppress AndroidElementNotAllowed -->
40            <layout
40-->src/main/AndroidManifest.xml:35:13-40:45
41                android:defaultHeight="500dp"
41-->src/main/AndroidManifest.xml:37:17-46
42                android:defaultWidth="600dp"
42-->src/main/AndroidManifest.xml:36:17-45
43                android:gravity="top|end"
43-->src/main/AndroidManifest.xml:38:17-42
44                android:minHeight="450dp"
44-->src/main/AndroidManifest.xml:40:17-42
45                android:minWidth="100dp" />
45-->src/main/AndroidManifest.xml:39:17-41
46
47            <intent-filter>
47-->src/main/AndroidManifest.xml:42:13-47:29
48                <action android:name="android.intent.action.VIEW" />
48-->src/main/AndroidManifest.xml:43:17-69
48-->src/main/AndroidManifest.xml:43:25-66
49                <action android:name="android.intent.action.MAIN" />
49-->src/main/AndroidManifest.xml:44:17-69
49-->src/main/AndroidManifest.xml:44:25-66
50
51                <category android:name="android.intent.category.LAUNCHER" />
51-->src/main/AndroidManifest.xml:46:17-77
51-->src/main/AndroidManifest.xml:46:27-74
52            </intent-filter>
53        </activity>
54
55        <meta-data
55-->src/main/AndroidManifest.xml:50:9-52:70
56            android:name="com.google.android.gms.ads.APPLICATION_ID"
56-->src/main/AndroidManifest.xml:51:13-69
57            android:value="ca-app-pub-3531666375863646~4730828215" />
57-->src/main/AndroidManifest.xml:52:13-67
58        <!-- Include the AdActivity and InAppPurchaseActivity configChanges and themes. -->
59        <activity
59-->[com.google.android.gms:play-services-ads-lite:18.3.0] AndroidManifest.xml:29:9-33:64
60            android:name="com.google.android.gms.ads.AdActivity"
60-->[com.google.android.gms:play-services-ads-lite:18.3.0] AndroidManifest.xml:30:13-65
61            android:configChanges="keyboard|keyboardHidden|orientation|screenLayout|uiMode|screenSize|smallestScreenSize"
61-->[com.google.android.gms:play-services-ads-lite:18.3.0] AndroidManifest.xml:31:13-122
62            android:exported="false"
62-->[com.google.android.gms:play-services-ads-lite:18.3.0] AndroidManifest.xml:32:13-37
63            android:theme="@android:style/Theme.Translucent" />
63-->[com.google.android.gms:play-services-ads-lite:18.3.0] AndroidManifest.xml:33:13-61
64
65        <provider
65-->[com.google.android.gms:play-services-ads-lite:18.3.0] AndroidManifest.xml:35:9-39:39
66            android:name="com.google.android.gms.ads.MobileAdsInitProvider"
66-->[com.google.android.gms:play-services-ads-lite:18.3.0] AndroidManifest.xml:36:13-76
67            android:authorities="com.martiandeveloper.newsreader.mobileadsinitprovider"
67-->[com.google.android.gms:play-services-ads-lite:18.3.0] AndroidManifest.xml:37:13-73
68            android:exported="false"
68-->[com.google.android.gms:play-services-ads-lite:18.3.0] AndroidManifest.xml:38:13-37
69            android:initOrder="100" />
69-->[com.google.android.gms:play-services-ads-lite:18.3.0] AndroidManifest.xml:39:13-36
70
71        <meta-data
71-->[com.google.android.gms:play-services-basement:17.0.0] AndroidManifest.xml:23:9-25:69
72            android:name="com.google.android.gms.version"
72-->[com.google.android.gms:play-services-basement:17.0.0] AndroidManifest.xml:24:13-58
73            android:value="@integer/google_play_services_version" />
73-->[com.google.android.gms:play-services-basement:17.0.0] AndroidManifest.xml:25:13-66
74    </application>
75
76</manifest>